<?xml version="1.0" encoding="UTF-8"?>
<testsuite xmlns:xsi="http://www.w3.org/2001/XMLSchema-instance" xsi:noNamespaceSchemaLocation="https://maven.apache.org/surefire/maven-surefire-plugin/xsd/surefire-test-report-3.0.xsd" version="3.0" name="runners.RunnerClass" time="27.536" tests="4" errors="0" skipped="0" failures="0">
  <properties>
[...]
</properties>
  <testcase name="Search an employee by name" classname="US-12345 - Search an employee in HRMS" time="12.496">
    <system-out><![CDATA[
@smoke @background
Scenario: Search an employee by name            # src/test/resources/features/EmployeeSearch.feature:20
  When user enters valid admin credentials      # steps.EmployeeSearchSteps.user_enters_valid_admin_credentials()
  And user clicks on login button               # steps.EmployeeSearchSteps.user_clicks_on_login_button()
  And user navigates to employee list page      # steps.EmployeeSearchSteps.user_navigates_to_employee_list_page()
  When user enters valid employee name          # steps.EmployeeSearchSteps.user_enters_valid_employee_name()
  And user click on search button               # steps.EmployeeSearchSteps.user_click_on_search_button()
Result Displayed
  Then user is able to see employee information # steps.EmployeeSearchSteps.user_is_able_to_see_employee_information()

    Embedding Search an employee by name [image/png 124517 bytes]

]]></system-out>
    <system-err><![CDATA[SLF4J: Failed to load class "org.slf4j.impl.StaticLoggerBinder".
SLF4J: Defaulting to no-operation (NOP) logger implementation
SLF4J: See http://www.slf4j.org/codes.html#StaticLoggerBinder for further details.
Starting ChromeDriver 101.0.4951.41 (93c720db8323b3ec10d056025ab95c23a31997c9-refs/branch-heads/4951@{#904}) on port 44953
Only local connections are allowed.
Please see https://chromedriver.chromium.org/security-considerations for suggestions on keeping ChromeDriver safe.
ChromeDriver was started successfully.
May 07, 2022 1:49:22 PM org.openqa.selenium.remote.ProtocolHandshake createSession
INFO: Detected dialect: W3C
]]></system-err>
  </testcase>
  <testcase name="Admin login" classname="Validation of login scenarios" time="4.822">
    <system-out><![CDATA[
@batch12 @smoke @regression @sprint12 @latest
Scenario: Admin login                       # src/test/resources/features/Login.feature:7
  When user enters valid admin credentials  # steps.EmployeeSearchSteps.user_enters_valid_admin_credentials()
  And user clicks on login button           # steps.EmployeeSearchSteps.user_clicks_on_login_button()
  Then admin user is successfully logged in # steps.LoginSteps.admin_user_is_successfully_logged_in()

    Embedding Admin login [image/png 57161 bytes]

]]></system-out>
    <system-err><![CDATA[Starting ChromeDriver 101.0.4951.41 (93c720db8323b3ec10d056025ab95c23a31997c9-refs/branch-heads/4951@{#904}) on port 47247
Only local connections are allowed.
Please see https://chromedriver.chromium.org/security-considerations for suggestions on keeping ChromeDriver safe.
ChromeDriver was started successfully.
May 07, 2022 1:49:32 PM org.openqa.selenium.remote.ProtocolHandshake createSession
INFO: Detected dialect: W3C
]]></system-err>
  </testcase>
  <testcase name="ESS login" classname="Validation of login scenarios" time="4.579">
    <system-out><![CDATA[
@regression @smoke @sprint12
Scenario: ESS login                                # src/test/resources/features/Login.feature:14
  When user enters valid ess username and password # steps.LoginSteps.user_enters_valid_ess_username_and_password()
  And user clicks on login button                  # steps.EmployeeSearchSteps.user_clicks_on_login_button()
  Then ess user is successfully logged in          # steps.LoginSteps.ess_user_is_successfully_logged_in()

    Embedding ESS login [image/png 47491 bytes]

]]></system-out>
    <system-err><![CDATA[Starting ChromeDriver 101.0.4951.41 (93c720db8323b3ec10d056025ab95c23a31997c9-refs/branch-heads/4951@{#904}) on port 22004
Only local connections are allowed.
Please see https://chromedriver.chromium.org/security-considerations for suggestions on keeping ChromeDriver safe.
ChromeDriver was started successfully.
May 07, 2022 1:49:37 PM org.openqa.selenium.remote.ProtocolHandshake createSession
INFO: Detected dialect: W3C
]]></system-err>
  </testcase>
  <testcase name="Invalid login" classname="Validation of login scenarios" time="4.689">
    <system-out><![CDATA[
@regression @smoke
Scenario: Invalid login                          # src/test/resources/features/Login.feature:21
  When user enters invalid username and password # steps.LoginSteps.user_enters_invalid_username_and_password()
  And user clicks on login button                # steps.EmployeeSearchSteps.user_clicks_on_login_button()
  Then user see error message on the screen      # steps.LoginSteps.user_see_error_message_on_the_screen()

    Embedding Invalid login [image/png 81154 bytes]

]]></system-out>
    <system-err><![CDATA[Starting ChromeDriver 101.0.4951.41 (93c720db8323b3ec10d056025ab95c23a31997c9-refs/branch-heads/4951@{#904}) on port 43046
Only local connections are allowed.
Please see https://chromedriver.chromium.org/security-considerations for suggestions on keeping ChromeDriver safe.
ChromeDriver was started successfully.
May 07, 2022 1:49:42 PM org.openqa.selenium.remote.ProtocolHandshake createSession
INFO: Detected dialect: W3C
]]></system-err>
  </testcase>
</testsuite>